/cms/store/user/rverma/ntuple_MuData_kfitM_20190402/MuData_20190402/MuRunB2v2_MuData_20190402/SingleMuon/MuRunB2v2_MuData_20190402/190402_162204/0000/MuRunB2v2_MuData_20190402_Ntuple_101.root
/cms/store/user/rverma/ntuple_MuData_kfitM_20190402/MuData_20190402/MuRunB2v2_MuData_20190402/SingleMuon/MuRunB2v2_MuData_20190402/190402_162204/0000/MuRunB2v2_MuData_20190402_Ntuple_125.root
/cms/store/user/rverma/ntuple_MuData_kfitM_20190402/MuData_20190402/MuRunB2v2_MuData_20190402/SingleMuon/MuRunB2v2_MuData_20190402/190402_162204/0000/MuRunB2v2_MuData_20190402_Ntuple_106.root
/cms/store/user/rverma/ntuple_MuData_kfitM_20190402/MuData_20190402/MuRunB2v2_MuData_20190402/SingleMuon/MuRunB2v2_MuData_20190402/190402_162204/0000/MuRunB2v2_MuData_20190402_Ntuple_149.root
/cms/store/user/rverma/ntuple_MuData_kfitM_20190402/MuData_20190402/MuRunB2v2_MuData_20190402/SingleMuon/MuRunB2v2_MuData_20190402/190402_162204/0000/MuRunB2v2_MuData_20190402_Ntuple_107.root
/cms/store/user/rverma/ntuple_MuData_kfitM_20190402/MuData_20190402/MuRunB2v2_MuData_20190402/SingleMuon/MuRunB2v2_MuData_20190402/190402_162204/0000/MuRunB2v2_MuData_20190402_Ntuple_112.root
/cms/store/user/rverma/ntuple_MuData_kfitM_20190402/MuData_20190402/MuRunB2v2_MuData_20190402/SingleMuon/MuRunB2v2_MuData_20190402/190402_162204/0000/MuRunB2v2_MuData_20190402_Ntuple_109.root
/cms/store/user/rverma/ntuple_MuData_kfitM_20190402/MuData_20190402/MuRunB2v2_MuData_20190402/SingleMuon/MuRunB2v2_MuData_20190402/190402_162204/0000/MuRunB2v2_MuData_20190402_Ntuple_117.root
/cms/store/user/rverma/ntuple_MuData_kfitM_20190402/MuData_20190402/MuRunB2v2_MuData_20190402/SingleMuon/MuRunB2v2_MuData_20190402/190402_162204/0000/MuRunB2v2_MuData_20190402_Ntuple_121.root
/cms/store/user/rverma/ntuple_MuData_kfitM_20190402/MuData_20190402/MuRunB2v2_MuData_20190402/SingleMuon/MuRunB2v2_MuData_20190402/190402_162204/0000/MuRunB2v2_MuData_20190402_Ntuple_108.root
/cms/store/user/rverma/ntuple_MuData_kfitM_20190402/MuData_20190402/MuRunB2v2_MuData_20190402/SingleMuon/MuRunB2v2_MuData_20190402/190402_162204/0000/MuRunB2v2_MuData_20190402_Ntuple_104.root
/cms/store/user/rverma/ntuple_MuData_kfitM_20190402/MuData_20190402/MuRunB2v2_MuData_20190402/SingleMuon/MuRunB2v2_MuData_20190402/190402_162204/0000/MuRunB2v2_MuData_20190402_Ntuple_132.root
/cms/store/user/rverma/ntuple_MuData_kfitM_20190402/MuData_20190402/MuRunB2v2_MuData_20190402/SingleMuon/MuRunB2v2_MuData_20190402/190402_162204/0000/MuRunB2v2_MuData_20190402_Ntuple_115.root
/cms/store/user/rverma/ntuple_MuData_kfitM_20190402/MuData_20190402/MuRunB2v2_MuData_20190402/SingleMuon/MuRunB2v2_MuData_20190402/190402_162204/0000/MuRunB2v2_MuData_20190402_Ntuple_136.root
/cms/store/user/rverma/ntuple_MuData_kfitM_20190402/MuData_20190402/MuRunB2v2_MuData_20190402/SingleMuon/MuRunB2v2_MuData_20190402/190402_162204/0000/MuRunB2v2_MuData_20190402_Ntuple_114.root
/cms/store/user/rverma/ntuple_MuData_kfitM_20190402/MuData_20190402/MuRunCv1_MuData_20190402/SingleMuon/MuRunCv1_MuData_20190402/190402_162235/0000/MuRunCv1_MuData_20190402_Ntuple_7.root
/cms/store/user/rverma/ntuple_MuData_kfitM_20190402/MuData_20190402/MuRunCv1_MuData_20190402/SingleMuon/MuRunCv1_MuData_20190402/190402_162235/0000/MuRunCv1_MuData_20190402_Ntuple_57.root
/cms/store/user/rverma/ntuple_MuData_kfitM_20190402/MuData_20190402/MuRunDv1_MuData_20190402/SingleMuon/MuRunDv1_MuData_20190402/190402_162310/0000/MuRunDv1_MuData_20190402_Ntuple_6.root
/cms/store/user/rverma/ntuple_MuData_kfitM_20190402/MuData_20190402/MuRunCv1_MuData_20190402/SingleMuon/MuRunCv1_MuData_20190402/190402_162235/0000/MuRunCv1_MuData_20190402_Ntuple_56.root
/cms/store/user/rverma/ntuple_MuData_kfitM_20190402/MuData_20190402/MuRunCv1_MuData_20190402/SingleMuon/MuRunCv1_MuData_20190402/190402_162235/0000/MuRunCv1_MuData_20190402_Ntuple_55.root
/cms/store/user/rverma/ntuple_MuData_kfitM_20190402/MuData_20190402/MuRunDv1_MuData_20190402/SingleMuon/MuRunDv1_MuData_20190402/190402_162310/0000/MuRunDv1_MuData_20190402_Ntuple_33.root
/cms/store/user/rverma/ntuple_MuData_kfitM_20190402/MuData_20190402/MuRunDv1_MuData_20190402/SingleMuon/MuRunDv1_MuData_20190402/190402_162310/0000/MuRunDv1_MuData_20190402_Ntuple_11.root
/cms/store/user/rverma/ntuple_MuData_kfitM_20190402/MuData_20190402/MuRunDv1_MuData_20190402/SingleMuon/MuRunDv1_MuData_20190402/190402_162310/0000/MuRunDv1_MuData_20190402_Ntuple_4.root
/cms/store/user/rverma/ntuple_MuData_kfitM_20190402/MuData_20190402/MuRunDv1_MuData_20190402/SingleMuon/MuRunDv1_MuData_20190402/190402_162310/0000/MuRunDv1_MuData_20190402_Ntuple_5.root
/cms/store/user/rverma/ntuple_MuData_kfitM_20190402/MuData_20190402/MuRunDv1_MuData_20190402/SingleMuon/MuRunDv1_MuData_20190402/190402_162310/0000/MuRunDv1_MuData_20190402_Ntuple_62.root
/cms/store/user/rverma/ntuple_MuData_kfitM_20190402/MuData_20190402/MuRunDv1_MuData_20190402/SingleMuon/MuRunDv1_MuData_20190402/190402_162310/0000/MuRunDv1_MuData_20190402_Ntuple_10.root
/cms/store/user/rverma/ntuple_MuData_kfitM_20190402/MuData_20190402/MuRunDv1_MuData_20190402/SingleMuon/MuRunDv1_MuData_20190402/190402_162310/0000/MuRunDv1_MuData_20190402_Ntuple_34.root
/cms/store/user/rverma/ntuple_MuData_kfitM_20190402/MuData_20190402/MuRunDv1_MuData_20190402/SingleMuon/MuRunDv1_MuData_20190402/190402_162310/0000/MuRunDv1_MuData_20190402_Ntuple_39.root
/cms/store/user/rverma/ntuple_MuData_kfitM_20190402/MuData_20190402/MuRunDv1_MuData_20190402/SingleMuon/MuRunDv1_MuData_20190402/190402_162310/0000/MuRunDv1_MuData_20190402_Ntuple_35.root
/cms/store/user/rverma/ntuple_MuData_kfitM_20190402/MuData_20190402/MuRunDv1_MuData_20190402/SingleMuon/MuRunDv1_MuData_20190402/190402_162310/0000/MuRunDv1_MuData_20190402_Ntuple_47.root
/cms/store/user/rverma/ntuple_MuData_kfitM_20190402/MuData_20190402/MuRunDv1_MuData_20190402/SingleMuon/MuRunDv1_MuData_20190402/190402_162310/0000/MuRunDv1_MuData_20190402_Ntuple_31.root
/cms/store/user/rverma/ntuple_MuData_kfitM_20190402/MuData_20190402/MuRunDv1_MuData_20190402/SingleMuon/MuRunDv1_MuData_20190402/190402_162310/0000/MuRunDv1_MuData_20190402_Ntuple_40.root
/cms/store/user/rverma/ntuple_MuData_kfitM_20190402/MuData_20190402/MuRunDv1_MuData_20190402/SingleMuon/MuRunDv1_MuData_20190402/190402_162310/0000/MuRunDv1_MuData_20190402_Ntuple_60.root
/cms/store/user/rverma/ntuple_MuData_kfitM_20190402/MuData_20190402/MuRunDv1_MuData_20190402/SingleMuon/MuRunDv1_MuData_20190402/190402_162310/0000/MuRunDv1_MuData_20190402_Ntuple_41.root
/cms/store/user/rverma/ntuple_MuData_kfitM_20190402/MuData_20190402/MuRunDv1_MuData_20190402/SingleMuon/MuRunDv1_MuData_20190402/190402_162310/0000/MuRunDv1_MuData_20190402_Ntuple_25.root
/cms/store/user/rverma/ntuple_MuData_kfitM_20190402/MuData_20190402/MuRunDv1_MuData_20190402/SingleMuon/MuRunDv1_MuData_20190402/190402_162310/0000/MuRunDv1_MuData_20190402_Ntuple_1.root
/cms/store/user/rverma/ntuple_MuData_kfitM_20190402/MuData_20190402/MuRunDv1_MuData_20190402/SingleMuon/MuRunDv1_MuData_20190402/190402_162310/0000/MuRunDv1_MuData_20190402_Ntuple_27.root
/cms/store/user/rverma/ntuple_MuData_kfitM_20190402/MuData_20190402/MuRunDv1_MuData_20190402/SingleMuon/MuRunDv1_MuData_20190402/190402_162310/0000/MuRunDv1_MuData_20190402_Ntuple_23.root
/cms/store/user/rverma/ntuple_MuData_kfitM_20190402/MuData_20190402/MuRunDv1_MuData_20190402/SingleMuon/MuRunDv1_MuData_20190402/190402_162310/0000/MuRunDv1_MuData_20190402_Ntuple_74.root
/cms/store/user/rverma/ntuple_MuData_kfitM_20190402/MuData_20190402/MuRunDv1_MuData_20190402/SingleMuon/MuRunDv1_MuData_20190402/190402_162310/0000/MuRunDv1_MuData_20190402_Ntuple_8.root
/cms/store/user/rverma/ntuple_MuData_kfitM_20190402/MuData_20190402/MuRunDv1_MuData_20190402/SingleMuon/MuRunDv1_MuData_20190402/190402_162310/0000/MuRunDv1_MuData_20190402_Ntuple_64.root
/cms/store/user/rverma/ntuple_MuData_kfitM_20190402/MuData_20190402/MuRunDv1_MuData_20190402/SingleMuon/MuRunDv1_MuData_20190402/190402_162310/0000/MuRunDv1_MuData_20190402_Ntuple_83.root
/cms/store/user/rverma/ntuple_MuData_kfitM_20190402/MuData_20190402/MuRunB2v2_MuData_20190402/SingleMuon/MuRunB2v2_MuData_20190402/190402_162204/0000/MuRunB2v2_MuData_20190402_Ntuple_105.root
/cms/store/user/rverma/ntuple_MuData_kfitM_20190402/MuData_20190402/MuRunDv1_MuData_20190402/SingleMuon/MuRunDv1_MuData_20190402/190402_162310/0000/MuRunDv1_MuData_20190402_Ntuple_92.root
/cms/store/user/rverma/ntuple_MuData_kfitM_20190402/MuData_20190402/MuRunDv1_MuData_20190402/SingleMuon/MuRunDv1_MuData_20190402/190402_162310/0000/MuRunDv1_MuData_20190402_Ntuple_12.root
/cms/store/user/rverma/ntuple_MuData_kfitM_20190402/MuData_20190402/MuRunDv1_MuData_20190402/SingleMuon/MuRunDv1_MuData_20190402/190402_162310/0000/MuRunDv1_MuData_20190402_Ntuple_78.root
/cms/store/user/rverma/ntuple_MuData_kfitM_20190402/MuData_20190402/MuRunDv1_MuData_20190402/SingleMuon/MuRunDv1_MuData_20190402/190402_162310/0000/MuRunDv1_MuData_20190402_Ntuple_32.root
/cms/store/user/rverma/ntuple_MuData_kfitM_20190402/MuData_20190402/MuRunDv1_MuData_20190402/SingleMuon/MuRunDv1_MuData_20190402/190402_162310/0000/MuRunDv1_MuData_20190402_Ntuple_36.root
/cms/store/user/rverma/ntuple_MuData_kfitM_20190402/MuData_20190402/MuRunDv1_MuData_20190402/SingleMuon/MuRunDv1_MuData_20190402/190402_162310/0000/MuRunDv1_MuData_20190402_Ntuple_16.root
/cms/store/user/rverma/ntuple_MuData_kfitM_20190402/MuData_20190402/MuRunCv1_MuData_20190402/SingleMuon/MuRunCv1_MuData_20190402/190402_162235/0000/MuRunCv1_MuData_20190402_Ntuple_52.root
/cms/store/user/rverma/ntuple_MuData_kfitM_20190402/MuData_20190402/MuRunDv1_MuData_20190402/SingleMuon/MuRunDv1_MuData_20190402/190402_162310/0000/MuRunDv1_MuData_20190402_Ntuple_90.root
/cms/store/user/rverma/ntuple_MuData_kfitM_20190402/MuData_20190402/MuRunDv1_MuData_20190402/SingleMuon/MuRunDv1_MuData_20190402/190402_162310/0000/MuRunDv1_MuData_20190402_Ntuple_17.root
/cms/store/user/rverma/ntuple_MuData_kfitM_20190402/MuData_20190402/MuRunDv1_MuData_20190402/SingleMuon/MuRunDv1_MuData_20190402/190402_162310/0000/MuRunDv1_MuData_20190402_Ntuple_20.root
/cms/store/user/rverma/ntuple_MuData_kfitM_20190402/MuData_20190402/MuRunCv1_MuData_20190402/SingleMuon/MuRunCv1_MuData_20190402/190402_162235/0000/MuRunCv1_MuData_20190402_Ntuple_8.root
/cms/store/user/rverma/ntuple_MuData_kfitM_20190402/MuData_20190402/MuRunDv1_MuData_20190402/SingleMuon/MuRunDv1_MuData_20190402/190402_162310/0000/MuRunDv1_MuData_20190402_Ntuple_38.root
/cms/store/user/rverma/ntuple_MuData_kfitM_20190402/MuData_20190402/MuRunDv1_MuData_20190402/SingleMuon/MuRunDv1_MuData_20190402/190402_162310/0000/MuRunDv1_MuData_20190402_Ntuple_26.root
/cms/store/user/rverma/ntuple_MuData_kfitM_20190402/MuData_20190402/MuRunDv1_MuData_20190402/SingleMuon/MuRunDv1_MuData_20190402/190402_162310/0000/MuRunDv1_MuData_20190402_Ntuple_45.root
/cms/store/user/rverma/ntuple_MuData_kfitM_20190402/MuData_20190402/MuRunDv1_MuData_20190402/SingleMuon/MuRunDv1_MuData_20190402/190402_162310/0000/MuRunDv1_MuData_20190402_Ntuple_65.root
/cms/store/user/rverma/ntuple_MuData_kfitM_20190402/MuData_20190402/MuRunDv1_MuData_20190402/SingleMuon/MuRunDv1_MuData_20190402/190402_162310/0000/MuRunDv1_MuData_20190402_Ntuple_96.root
/cms/store/user/rverma/ntuple_MuData_kfitM_20190402/MuData_20190402/MuRunDv1_MuData_20190402/SingleMuon/MuRunDv1_MuData_20190402/190402_162310/0000/MuRunDv1_MuData_20190402_Ntuple_43.root
/cms/store/user/rverma/ntuple_MuData_kfitM_20190402/MuData_20190402/MuRunDv1_MuData_20190402/SingleMuon/MuRunDv1_MuData_20190402/190402_162310/0000/MuRunDv1_MuData_20190402_Ntuple_44.root
/cms/store/user/rverma/ntuple_MuData_kfitM_20190402/MuData_20190402/MuRunDv1_MuData_20190402/SingleMuon/MuRunDv1_MuData_20190402/190402_162310/0000/MuRunDv1_MuData_20190402_Ntuple_73.root
/cms/store/user/rverma/ntuple_MuData_kfitM_20190402/MuData_20190402/MuRunDv1_MuData_20190402/SingleMuon/MuRunDv1_MuData_20190402/190402_162310/0000/MuRunDv1_MuData_20190402_Ntuple_46.root
/cms/store/user/rverma/ntuple_MuData_kfitM_20190402/MuData_20190402/MuRunDv1_MuData_20190402/SingleMuon/MuRunDv1_MuData_20190402/190402_162310/0000/MuRunDv1_MuData_20190402_Ntuple_93.root
/cms/store/user/rverma/ntuple_MuData_kfitM_20190402/MuData_20190402/MuRunDv1_MuData_20190402/SingleMuon/MuRunDv1_MuData_20190402/190402_162310/0000/MuRunDv1_MuData_20190402_Ntuple_63.root
/cms/store/user/rverma/ntuple_MuData_kfitM_20190402/MuData_20190402/MuRunDv1_MuData_20190402/SingleMuon/MuRunDv1_MuData_20190402/190402_162310/0000/MuRunDv1_MuData_20190402_Ntuple_82.root
/cms/store/user/rverma/ntuple_MuData_kfitM_20190402/MuData_20190402/MuRunDv1_MuData_20190402/SingleMuon/MuRunDv1_MuData_20190402/190402_162310/0000/MuRunDv1_MuData_20190402_Ntuple_28.root
/cms/store/user/rverma/ntuple_MuData_kfitM_20190402/MuData_20190402/MuRunDv1_MuData_20190402/SingleMuon/MuRunDv1_MuData_20190402/190402_162310/0000/MuRunDv1_MuData_20190402_Ntuple_22.root
/cms/store/user/rverma/ntuple_MuData_kfitM_20190402/MuData_20190402/MuRunCv1_MuData_20190402/SingleMuon/MuRunCv1_MuData_20190402/190402_162235/0000/MuRunCv1_MuData_20190402_Ntuple_6.root
/cms/store/user/rverma/ntuple_MuData_kfitM_20190402/MuData_20190402/MuRunDv1_MuData_20190402/SingleMuon/MuRunDv1_MuData_20190402/190402_162310/0000/MuRunDv1_MuData_20190402_Ntuple_89.root
/cms/store/user/rverma/ntuple_MuData_kfitM_20190402/MuData_20190402/MuRunDv1_MuData_20190402/SingleMuon/MuRunDv1_MuData_20190402/190402_162310/0000/MuRunDv1_MuData_20190402_Ntuple_76.root
/cms/store/user/rverma/ntuple_MuData_kfitM_20190402/MuData_20190402/MuRunDv1_MuData_20190402/SingleMuon/MuRunDv1_MuData_20190402/190402_162310/0000/MuRunDv1_MuData_20190402_Ntuple_84.root
/cms/store/user/rverma/ntuple_MuData_kfitM_20190402/MuData_20190402/MuRunDv1_MuData_20190402/SingleMuon/MuRunDv1_MuData_20190402/190402_162310/0000/MuRunDv1_MuData_20190402_Ntuple_86.root
/cms/store/user/rverma/ntuple_MuData_kfitM_20190402/MuData_20190402/MuRunDv1_MuData_20190402/SingleMuon/MuRunDv1_MuData_20190402/190402_162310/0000/MuRunDv1_MuData_20190402_Ntuple_67.root
/cms/store/user/rverma/ntuple_MuData_kfitM_20190402/MuData_20190402/MuRunDv1_MuData_20190402/SingleMuon/MuRunDv1_MuData_20190402/190402_162310/0000/MuRunDv1_MuData_20190402_Ntuple_9.root
/cms/store/user/rverma/ntuple_MuData_kfitM_20190402/MuData_20190402/MuRunEv1_MuData_20190402/SingleMuon/MuRunEv1_MuData_20190402/190402_162342/0000/MuRunEv1_MuData_20190402_Ntuple_12.root
/cms/store/user/rverma/ntuple_MuData_kfitM_20190402/MuData_20190402/MuRunDv1_MuData_20190402/SingleMuon/MuRunDv1_MuData_20190402/190402_162310/0000/MuRunDv1_MuData_20190402_Ntuple_71.root
/cms/store/user/rverma/ntuple_MuData_kfitM_20190402/MuData_20190402/MuRunEv1_MuData_20190402/SingleMuon/MuRunEv1_MuData_20190402/190402_162342/0000/MuRunEv1_MuData_20190402_Ntuple_1.root
/cms/store/user/rverma/ntuple_MuData_kfitM_20190402/MuData_20190402/MuRunEv1_MuData_20190402/SingleMuon/MuRunEv1_MuData_20190402/190402_162342/0000/MuRunEv1_MuData_20190402_Ntuple_14.root
/cms/store/user/rverma/ntuple_MuData_kfitM_20190402/MuData_20190402/MuRunEv1_MuData_20190402/SingleMuon/MuRunEv1_MuData_20190402/190402_162342/0000/MuRunEv1_MuData_20190402_Ntuple_11.root
/cms/store/user/rverma/ntuple_MuData_kfitM_20190402/MuData_20190402/MuRunEv1_MuData_20190402/SingleMuon/MuRunEv1_MuData_20190402/190402_162342/0000/MuRunEv1_MuData_20190402_Ntuple_26.root
/cms/store/user/rverma/ntuple_MuData_kfitM_20190402/MuData_20190402/MuRunEv1_MuData_20190402/SingleMuon/MuRunEv1_MuData_20190402/190402_162342/0000/MuRunEv1_MuData_20190402_Ntuple_22.root
/cms/store/user/rverma/ntuple_MuData_kfitM_20190402/MuData_20190402/MuRunEv1_MuData_20190402/SingleMuon/MuRunEv1_MuData_20190402/190402_162342/0000/MuRunEv1_MuData_20190402_Ntuple_55.root
/cms/store/user/rverma/ntuple_MuData_kfitM_20190402/MuData_20190402/MuRunEv1_MuData_20190402/SingleMuon/MuRunEv1_MuData_20190402/190402_162342/0000/MuRunEv1_MuData_20190402_Ntuple_54.root
/cms/store/user/rverma/ntuple_MuData_kfitM_20190402/MuData_20190402/MuRunEv1_MuData_20190402/SingleMuon/MuRunEv1_MuData_20190402/190402_162342/0000/MuRunEv1_MuData_20190402_Ntuple_36.root
/cms/store/user/rverma/ntuple_MuData_kfitM_20190402/MuData_20190402/MuRunEv1_MuData_20190402/SingleMuon/MuRunEv1_MuData_20190402/190402_162342/0000/MuRunEv1_MuData_20190402_Ntuple_78.root
/cms/store/user/rverma/ntuple_MuData_kfitM_20190402/MuData_20190402/MuRunEv1_MuData_20190402/SingleMuon/MuRunEv1_MuData_20190402/190402_162342/0000/MuRunEv1_MuData_20190402_Ntuple_73.root
/cms/store/user/rverma/ntuple_MuData_kfitM_20190402/MuData_20190402/MuRunEv1_MuData_20190402/SingleMuon/MuRunEv1_MuData_20190402/190402_162342/0000/MuRunEv1_MuData_20190402_Ntuple_63.root
/cms/store/user/rverma/ntuple_MuData_kfitM_20190402/MuData_20190402/MuRunEv1_MuData_20190402/SingleMuon/MuRunEv1_MuData_20190402/190402_162342/0000/MuRunEv1_MuData_20190402_Ntuple_76.root
/cms/store/user/rverma/ntuple_MuData_kfitM_20190402/MuData_20190402/MuRunEv1_MuData_20190402/SingleMuon/MuRunEv1_MuData_20190402/190402_162342/0000/MuRunEv1_MuData_20190402_Ntuple_69.root
/cms/store/user/rverma/ntuple_MuData_kfitM_20190402/MuData_20190402/MuRunFv1_MuData_20190402/SingleMuon/MuRunFv1_MuData_20190402/190402_162414/0000/MuRunFv1_MuData_20190402_Ntuple_12.root
/cms/store/user/rverma/ntuple_MuData_kfitM_20190402/MuData_20190402/MuRunFv1_MuData_20190402/SingleMuon/MuRunFv1_MuData_20190402/190402_162414/0000/MuRunFv1_MuData_20190402_Ntuple_18.root
/cms/store/user/rverma/ntuple_MuData_kfitM_20190402/MuData_20190402/MuRunFv1_MuData_20190402/SingleMuon/MuRunFv1_MuData_20190402/190402_162414/0000/MuRunFv1_MuData_20190402_Ntuple_14.root
/cms/store/user/rverma/ntuple_MuData_kfitM_20190402/MuData_20190402/MuRunFv1_MuData_20190402/SingleMuon/MuRunFv1_MuData_20190402/190402_162414/0000/MuRunFv1_MuData_20190402_Ntuple_11.root
/cms/store/user/rverma/ntuple_MuData_kfitM_20190402/MuData_20190402/MuRunEv1_MuData_20190402/SingleMuon/MuRunEv1_MuData_20190402/190402_162342/0000/MuRunEv1_MuData_20190402_Ntuple_81.root
/cms/store/user/rverma/ntuple_MuData_kfitM_20190402/MuData_20190402/MuRunEv1_MuData_20190402/SingleMuon/MuRunEv1_MuData_20190402/190402_162342/0000/MuRunEv1_MuData_20190402_Ntuple_80.root
/cms/store/user/rverma/ntuple_MuData_kfitM_20190402/MuData_20190402/MuRunFv1_MuData_20190402/SingleMuon/MuRunFv1_MuData_20190402/190402_162414/0000/MuRunFv1_MuData_20190402_Ntuple_28.root
/cms/store/user/rverma/ntuple_MuData_kfitM_20190402/MuData_20190402/MuRunFv1_MuData_20190402/SingleMuon/MuRunFv1_MuData_20190402/190402_162414/0000/MuRunFv1_MuData_20190402_Ntuple_27.root
/cms/store/user/rverma/ntuple_MuData_kfitM_20190402/MuData_20190402/MuRunFv1_MuData_20190402/SingleMuon/MuRunFv1_MuData_20190402/190402_162414/0000/MuRunFv1_MuData_20190402_Ntuple_32.root
/cms/store/user/rverma/ntuple_MuData_kfitM_20190402/MuData_20190402/MuRunFv1_MuData_20190402/SingleMuon/MuRunFv1_MuData_20190402/190402_162414/0000/MuRunFv1_MuData_20190402_Ntuple_36.root
/cms/store/user/rverma/ntuple_MuData_kfitM_20190402/MuData_20190402/MuRunFv1_MuData_20190402/SingleMuon/MuRunFv1_MuData_20190402/190402_162414/0000/MuRunFv1_MuData_20190402_Ntuple_38.root
/cms/store/user/rverma/ntuple_MuData_kfitM_20190402/MuData_20190402/MuRunFv1_MuData_20190402/SingleMuon/MuRunFv1_MuData_20190402/190402_162414/0000/MuRunFv1_MuData_20190402_Ntuple_22.root
/cms/store/user/rverma/ntuple_MuData_kfitM_20190402/MuData_20190402/MuRunFv1_MuData_20190402/SingleMuon/MuRunFv1_MuData_20190402/190402_162414/0000/MuRunFv1_MuData_20190402_Ntuple_24.root
/cms/store/user/rverma/ntuple_MuData_kfitM_20190402/MuData_20190402/MuRunFv1_MuData_20190402/SingleMuon/MuRunFv1_MuData_20190402/190402_162414/0000/MuRunFv1_MuData_20190402_Ntuple_42.root
/cms/store/user/rverma/ntuple_MuData_kfitM_20190402/MuData_20190402/MuRunFv1_MuData_20190402/SingleMuon/MuRunFv1_MuData_20190402/190402_162414/0000/MuRunFv1_MuData_20190402_Ntuple_39.root
/cms/store/user/rverma/ntuple_MuData_kfitM_20190402/MuData_20190402/MuRunFv1_MuData_20190402/SingleMuon/MuRunFv1_MuData_20190402/190402_162414/0000/MuRunFv1_MuData_20190402_Ntuple_26.root
/cms/store/user/rverma/ntuple_MuData_kfitM_20190402/MuData_20190402/MuRunFv1_MuData_20190402/SingleMuon/MuRunFv1_MuData_20190402/190402_162414/0000/MuRunFv1_MuData_20190402_Ntuple_41.root
/cms/store/user/rverma/ntuple_MuData_kfitM_20190402/MuData_20190402/MuRunFv1_MuData_20190402/SingleMuon/MuRunFv1_MuData_20190402/190402_162414/0000/MuRunFv1_MuData_20190402_Ntuple_25.root
/cms/store/user/rverma/ntuple_MuData_kfitM_20190402/MuData_20190402/MuRunFv1_MuData_20190402/SingleMuon/MuRunFv1_MuData_20190402/190402_162414/0000/MuRunFv1_MuData_20190402_Ntuple_45.root
/cms/store/user/rverma/ntuple_MuData_kfitM_20190402/MuData_20190402/MuRunFv1_MuData_20190402/SingleMuon/MuRunFv1_MuData_20190402/190402_162414/0000/MuRunFv1_MuData_20190402_Ntuple_37.root
/cms/store/user/rverma/ntuple_MuData_kfitM_20190402/MuData_20190402/MuRunFv1_MuData_20190402/SingleMuon/MuRunFv1_MuData_20190402/190402_162414/0000/MuRunFv1_MuData_20190402_Ntuple_43.root
/cms/store/user/rverma/ntuple_MuData_kfitM_20190402/MuData_20190402/MuRunFv1_MuData_20190402/SingleMuon/MuRunFv1_MuData_20190402/190402_162414/0000/MuRunFv1_MuData_20190402_Ntuple_31.root
/cms/store/user/rverma/ntuple_MuData_kfitM_20190402/MuData_20190402/MuRunFv1_MuData_20190402/SingleMuon/MuRunFv1_MuData_20190402/190402_162414/0000/MuRunFv1_MuData_20190402_Ntuple_48.root
/cms/store/user/rverma/ntuple_MuData_kfitM_20190402/MuData_20190402/MuRunFv1_MuData_20190402/SingleMuon/MuRunFv1_MuData_20190402/190402_162414/0000/MuRunFv1_MuData_20190402_Ntuple_47.root
/cms/store/user/rverma/ntuple_MuData_kfitM_20190402/MuData_20190402/MuRunFv1_MuData_20190402/SingleMuon/MuRunFv1_MuData_20190402/190402_162414/0000/MuRunFv1_MuData_20190402_Ntuple_46.root
/cms/store/user/rverma/ntuple_MuData_kfitM_20190402/MuData_20190402/MuRunFv1_MuData_20190402/SingleMuon/MuRunFv1_MuData_20190402/190402_162414/0000/MuRunFv1_MuData_20190402_Ntuple_50.root
/cms/store/user/rverma/ntuple_MuData_kfitM_20190402/MuData_20190402/MuRunFv1_MuData_20190402/SingleMuon/MuRunFv1_MuData_20190402/190402_162414/0000/MuRunFv1_MuData_20190402_Ntuple_5.root
/cms/store/user/rverma/ntuple_MuData_kfitM_20190402/MuData_20190402/MuRunFv1_MuData_20190402/SingleMuon/MuRunFv1_MuData_20190402/190402_162414/0000/MuRunFv1_MuData_20190402_Ntuple_49.root
/cms/store/user/rverma/ntuple_MuData_kfitM_20190402/MuData_20190402/MuRunFv1_MuData_20190402/SingleMuon/MuRunFv1_MuData_20190402/190402_162414/0000/MuRunFv1_MuData_20190402_Ntuple_35.root
/cms/store/user/rverma/ntuple_MuData_kfitM_20190402/MuData_20190402/MuRunFv1_MuData_20190402/SingleMuon/MuRunFv1_MuData_20190402/190402_162414/0000/MuRunFv1_MuData_20190402_Ntuple_53.root
/cms/store/user/rverma/ntuple_MuData_kfitM_20190402/MuData_20190402/MuRunFv1_MuData_20190402/SingleMuon/MuRunFv1_MuData_20190402/190402_162414/0000/MuRunFv1_MuData_20190402_Ntuple_30.root
/cms/store/user/rverma/ntuple_MuData_kfitM_20190402/MuData_20190402/MuRunFv1_MuData_20190402/SingleMuon/MuRunFv1_MuData_20190402/190402_162414/0000/MuRunFv1_MuData_20190402_Ntuple_58.root
/cms/store/user/rverma/ntuple_MuData_kfitM_20190402/MuData_20190402/MuRunFv1_MuData_20190402/SingleMuon/MuRunFv1_MuData_20190402/190402_162414/0000/MuRunFv1_MuData_20190402_Ntuple_52.root
/cms/store/user/rverma/ntuple_MuData_kfitM_20190402/MuData_20190402/MuRunFv1_MuData_20190402/SingleMuon/MuRunFv1_MuData_20190402/190402_162414/0000/MuRunFv1_MuData_20190402_Ntuple_33.root
/cms/store/user/rverma/ntuple_MuData_kfitM_20190402/MuData_20190402/MuRunFv1_MuData_20190402/SingleMuon/MuRunFv1_MuData_20190402/190402_162414/0000/MuRunFv1_MuData_20190402_Ntuple_59.root
/cms/store/user/rverma/ntuple_MuData_kfitM_20190402/MuData_20190402/MuRunFv1_MuData_20190402/SingleMuon/MuRunFv1_MuData_20190402/190402_162414/0000/MuRunFv1_MuData_20190402_Ntuple_6.root
/cms/store/user/rverma/ntuple_MuData_kfitM_20190402/MuData_20190402/MuRunFv1_MuData_20190402/SingleMuon/MuRunFv1_MuData_20190402/190402_162414/0000/MuRunFv1_MuData_20190402_Ntuple_9.root
/cms/store/user/rverma/ntuple_MuData_kfitM_20190402/MuData_20190402/MuRunFv1_MuData_20190402/SingleMuon/MuRunFv1_MuData_20190402/190402_162414/0000/MuRunFv1_MuData_20190402_Ntuple_40.root
/cms/store/user/rverma/ntuple_MuData_kfitM_20190402/MuData_20190402/MuRunFv1_MuData_20190402/SingleMuon/MuRunFv1_MuData_20190402/190402_162414/0000/MuRunFv1_MuData_20190402_Ntuple_44.root
/cms/store/user/rverma/ntuple_MuData_kfitM_20190402/MuData_20190402/MuRunFv1_MuData_20190402/SingleMuon/MuRunFv1_MuData_20190402/190402_162414/0000/MuRunFv1_MuData_20190402_Ntuple_55.root
/cms/store/user/rverma/ntuple_MuData_kfitM_20190402/MuData_20190402/MuRunGv1_MuData_20190402/SingleMuon/MuRunGv1_MuData_20190402/190402_162445/0000/MuRunGv1_MuData_20190402_Ntuple_102.root
/cms/store/user/rverma/ntuple_MuData_kfitM_20190402/MuData_20190402/MuRunGv1_MuData_20190402/SingleMuon/MuRunGv1_MuData_20190402/190402_162445/0000/MuRunGv1_MuData_20190402_Ntuple_100.root
/cms/store/user/rverma/ntuple_MuData_kfitM_20190402/MuData_20190402/MuRunGv1_MuData_20190402/SingleMuon/MuRunGv1_MuData_20190402/190402_162445/0000/MuRunGv1_MuData_20190402_Ntuple_101.root
/cms/store/user/rverma/ntuple_MuData_kfitM_20190402/MuData_20190402/MuRunGv1_MuData_20190402/SingleMuon/MuRunGv1_MuData_20190402/190402_162445/0000/MuRunGv1_MuData_20190402_Ntuple_1.root
/cms/store/user/rverma/ntuple_MuData_kfitM_20190402/MuData_20190402/MuRunFv1_MuData_20190402/SingleMuon/MuRunFv1_MuData_20190402/190402_162414/0000/MuRunFv1_MuData_20190402_Ntuple_56.root
/cms/store/user/rverma/ntuple_MuData_kfitM_20190402/MuData_20190402/MuRunFv1_MuData_20190402/SingleMuon/MuRunFv1_MuData_20190402/190402_162414/0000/MuRunFv1_MuData_20190402_Ntuple_51.root
/cms/store/user/rverma/ntuple_MuData_kfitM_20190402/MuData_20190402/MuRunGv1_MuData_20190402/SingleMuon/MuRunGv1_MuData_20190402/190402_162445/0000/MuRunGv1_MuData_20190402_Ntuple_108.root
/cms/store/user/rverma/ntuple_MuData_kfitM_20190402/MuData_20190402/MuRunFv1_MuData_20190402/SingleMuon/MuRunFv1_MuData_20190402/190402_162414/0000/MuRunFv1_MuData_20190402_Ntuple_54.root
/cms/store/user/rverma/ntuple_MuData_kfitM_20190402/MuData_20190402/MuRunFv1_MuData_20190402/SingleMuon/MuRunFv1_MuData_20190402/190402_162414/0000/MuRunFv1_MuData_20190402_Ntuple_60.root
/cms/store/user/rverma/ntuple_MuData_kfitM_20190402/MuData_20190402/MuRunFv1_MuData_20190402/SingleMuon/MuRunFv1_MuData_20190402/190402_162414/0000/MuRunFv1_MuData_20190402_Ntuple_57.root
/cms/store/user/rverma/ntuple_MuData_kfitM_20190402/MuData_20190402/MuRunFv1_MuData_20190402/SingleMuon/MuRunFv1_MuData_20190402/190402_162414/0000/MuRunFv1_MuData_20190402_Ntuple_8.root
/cms/store/user/rverma/ntuple_MuData_kfitM_20190402/MuData_20190402/MuRunGv1_MuData_20190402/SingleMuon/MuRunGv1_MuData_20190402/190402_162445/0000/MuRunGv1_MuData_20190402_Ntuple_116.root
/cms/store/user/rverma/ntuple_MuData_kfitM_20190402/MuData_20190402/MuRunGv1_MuData_20190402/SingleMuon/MuRunGv1_MuData_20190402/190402_162445/0000/MuRunGv1_MuData_20190402_Ntuple_10.root
/cms/store/user/rverma/ntuple_MuData_kfitM_20190402/MuData_20190402/MuRunGv1_MuData_20190402/SingleMuon/MuRunGv1_MuData_20190402/190402_162445/0000/MuRunGv1_MuData_20190402_Ntuple_117.root
/cms/store/user/rverma/ntuple_MuData_kfitM_20190402/MuData_20190402/MuRunGv1_MuData_20190402/SingleMuon/MuRunGv1_MuData_20190402/190402_162445/0000/MuRunGv1_MuData_20190402_Ntuple_114.root
/cms/store/user/rverma/ntuple_MuData_kfitM_20190402/MuData_20190402/MuRunGv1_MuData_20190402/SingleMuon/MuRunGv1_MuData_20190402/190402_162445/0000/MuRunGv1_MuData_20190402_Ntuple_113.root
/cms/store/user/rverma/ntuple_MuData_kfitM_20190402/MuData_20190402/MuRunGv1_MuData_20190402/SingleMuon/MuRunGv1_MuData_20190402/190402_162445/0000/MuRunGv1_MuData_20190402_Ntuple_119.root
/cms/store/user/rverma/ntuple_MuData_kfitM_20190402/MuData_20190402/MuRunGv1_MuData_20190402/SingleMuon/MuRunGv1_MuData_20190402/190402_162445/0000/MuRunGv1_MuData_20190402_Ntuple_103.root
/cms/store/user/rverma/ntuple_MuData_kfitM_20190402/MuData_20190402/MuRunGv1_MuData_20190402/SingleMuon/MuRunGv1_MuData_20190402/190402_162445/0000/MuRunGv1_MuData_20190402_Ntuple_105.root
/cms/store/user/rverma/ntuple_MuData_kfitM_20190402/MuData_20190402/MuRunGv1_MuData_20190402/SingleMuon/MuRunGv1_MuData_20190402/190402_162445/0000/MuRunGv1_MuData_20190402_Ntuple_12.root
/cms/store/user/rverma/ntuple_MuData_kfitM_20190402/MuData_20190402/MuRunGv1_MuData_20190402/SingleMuon/MuRunGv1_MuData_20190402/190402_162445/0000/MuRunGv1_MuData_20190402_Ntuple_106.root
/cms/store/user/rverma/ntuple_MuData_kfitM_20190402/MuData_20190402/MuRunGv1_MuData_20190402/SingleMuon/MuRunGv1_MuData_20190402/190402_162445/0000/MuRunGv1_MuData_20190402_Ntuple_129.root
/cms/store/user/rverma/ntuple_MuData_kfitM_20190402/MuData_20190402/MuRunGv1_MuData_20190402/SingleMuon/MuRunGv1_MuData_20190402/190402_162445/0000/MuRunGv1_MuData_20190402_Ntuple_121.root
/cms/store/user/rverma/ntuple_MuData_kfitM_20190402/MuData_20190402/MuRunGv1_MuData_20190402/SingleMuon/MuRunGv1_MuData_20190402/190402_162445/0000/MuRunGv1_MuData_20190402_Ntuple_13.root
/cms/store/user/rverma/ntuple_MuData_kfitM_20190402/MuData_20190402/MuRunGv1_MuData_20190402/SingleMuon/MuRunGv1_MuData_20190402/190402_162445/0000/MuRunGv1_MuData_20190402_Ntuple_128.root
/cms/store/user/rverma/ntuple_MuData_kfitM_20190402/MuData_20190402/MuRunGv1_MuData_20190402/SingleMuon/MuRunGv1_MuData_20190402/190402_162445/0000/MuRunGv1_MuData_20190402_Ntuple_11.root
/cms/store/user/rverma/ntuple_MuData_kfitM_20190402/MuData_20190402/MuRunGv1_MuData_20190402/SingleMuon/MuRunGv1_MuData_20190402/190402_162445/0000/MuRunGv1_MuData_20190402_Ntuple_122.root
/cms/store/user/rverma/ntuple_MuData_kfitM_20190402/MuData_20190402/MuRunGv1_MuData_20190402/SingleMuon/MuRunGv1_MuData_20190402/190402_162445/0000/MuRunGv1_MuData_20190402_Ntuple_111.root
/cms/store/user/rverma/ntuple_MuData_kfitM_20190402/MuData_20190402/MuRunGv1_MuData_20190402/SingleMuon/MuRunGv1_MuData_20190402/190402_162445/0000/MuRunGv1_MuData_20190402_Ntuple_107.root
/cms/store/user/rverma/ntuple_MuData_kfitM_20190402/MuData_20190402/MuRunGv1_MuData_20190402/SingleMuon/MuRunGv1_MuData_20190402/190402_162445/0000/MuRunGv1_MuData_20190402_Ntuple_135.root
/cms/store/user/rverma/ntuple_MuData_kfitM_20190402/MuData_20190402/MuRunGv1_MuData_20190402/SingleMuon/MuRunGv1_MuData_20190402/190402_162445/0000/MuRunGv1_MuData_20190402_Ntuple_109.root
/cms/store/user/rverma/ntuple_MuData_kfitM_20190402/MuData_20190402/MuRunGv1_MuData_20190402/SingleMuon/MuRunGv1_MuData_20190402/190402_162445/0000/MuRunGv1_MuData_20190402_Ntuple_133.root
/cms/store/user/rverma/ntuple_MuData_kfitM_20190402/MuData_20190402/MuRunGv1_MuData_20190402/SingleMuon/MuRunGv1_MuData_20190402/190402_162445/0000/MuRunGv1_MuData_20190402_Ntuple_125.root
/cms/store/user/rverma/ntuple_MuData_kfitM_20190402/MuData_20190402/MuRunGv1_MuData_20190402/SingleMuon/MuRunGv1_MuData_20190402/190402_162445/0000/MuRunGv1_MuData_20190402_Ntuple_139.root
/cms/store/user/rverma/ntuple_MuData_kfitM_20190402/MuData_20190402/MuRunGv1_MuData_20190402/SingleMuon/MuRunGv1_MuData_20190402/190402_162445/0000/MuRunGv1_MuData_20190402_Ntuple_126.root
/cms/store/user/rverma/ntuple_MuData_kfitM_20190402/MuData_20190402/MuRunGv1_MuData_20190402/SingleMuon/MuRunGv1_MuData_20190402/190402_162445/0000/MuRunGv1_MuData_20190402_Ntuple_118.root
/cms/store/user/rverma/ntuple_MuData_kfitM_20190402/MuData_20190402/MuRunGv1_MuData_20190402/SingleMuon/MuRunGv1_MuData_20190402/190402_162445/0000/MuRunGv1_MuData_20190402_Ntuple_127.root
/cms/store/user/rverma/ntuple_MuData_kfitM_20190402/MuData_20190402/MuRunGv1_MuData_20190402/SingleMuon/MuRunGv1_MuData_20190402/190402_162445/0000/MuRunGv1_MuData_20190402_Ntuple_115.root
/cms/store/user/rverma/ntuple_MuData_kfitM_20190402/MuData_20190402/MuRunGv1_MuData_20190402/SingleMuon/MuRunGv1_MuData_20190402/190402_162445/0000/MuRunGv1_MuData_20190402_Ntuple_120.root
/cms/store/user/rverma/ntuple_MuData_kfitM_20190402/MuData_20190402/MuRunGv1_MuData_20190402/SingleMuon/MuRunGv1_MuData_20190402/190402_162445/0000/MuRunGv1_MuData_20190402_Ntuple_132.root
/cms/store/user/rverma/ntuple_MuData_kfitM_20190402/MuData_20190402/MuRunGv1_MuData_20190402/SingleMuon/MuRunGv1_MuData_20190402/190402_162445/0000/MuRunGv1_MuData_20190402_Ntuple_123.root
/cms/store/user/rverma/ntuple_MuData_kfitM_20190402/MuData_20190402/MuRunGv1_MuData_20190402/SingleMuon/MuRunGv1_MuData_20190402/190402_162445/0000/MuRunGv1_MuData_20190402_Ntuple_134.root
/cms/store/user/rverma/ntuple_MuData_kfitM_20190402/MuData_20190402/MuRunGv1_MuData_20190402/SingleMuon/MuRunGv1_MuData_20190402/190402_162445/0000/MuRunGv1_MuData_20190402_Ntuple_124.root
/cms/store/user/rverma/ntuple_MuData_kfitM_20190402/MuData_20190402/MuRunGv1_MuData_20190402/SingleMuon/MuRunGv1_MuData_20190402/190402_162445/0000/MuRunGv1_MuData_20190402_Ntuple_110.root
/cms/store/user/rverma/ntuple_MuData_kfitM_20190402/MuData_20190402/MuRunGv1_MuData_20190402/SingleMuon/MuRunGv1_MuData_20190402/190402_162445/0000/MuRunGv1_MuData_20190402_Ntuple_131.root
/cms/store/user/rverma/ntuple_MuData_kfitM_20190402/MuData_20190402/MuRunGv1_MuData_20190402/SingleMuon/MuRunGv1_MuData_20190402/190402_162445/0000/MuRunGv1_MuData_20190402_Ntuple_17.root
/cms/store/user/rverma/ntuple_MuData_kfitM_20190402/MuData_20190402/MuRunGv1_MuData_20190402/SingleMuon/MuRunGv1_MuData_20190402/190402_162445/0000/MuRunGv1_MuData_20190402_Ntuple_136.root
/cms/store/user/rverma/ntuple_MuData_kfitM_20190402/MuData_20190402/MuRunGv1_MuData_20190402/SingleMuon/MuRunGv1_MuData_20190402/190402_162445/0000/MuRunGv1_MuData_20190402_Ntuple_138.root
/cms/store/user/rverma/ntuple_MuData_kfitM_20190402/MuData_20190402/MuRunGv1_MuData_20190402/SingleMuon/MuRunGv1_MuData_20190402/190402_162445/0000/MuRunGv1_MuData_20190402_Ntuple_14.root
/cms/store/user/rverma/ntuple_MuData_kfitM_20190402/MuData_20190402/MuRunGv1_MuData_20190402/SingleMuon/MuRunGv1_MuData_20190402/190402_162445/0000/MuRunGv1_MuData_20190402_Ntuple_19.root
/cms/store/user/rverma/ntuple_MuData_kfitM_20190402/MuData_20190402/MuRunGv1_MuData_20190402/SingleMuon/MuRunGv1_MuData_20190402/190402_162445/0000/MuRunGv1_MuData_20190402_Ntuple_2.root
/cms/store/user/rverma/ntuple_MuData_kfitM_20190402/MuData_20190402/MuRunGv1_MuData_20190402/SingleMuon/MuRunGv1_MuData_20190402/190402_162445/0000/MuRunGv1_MuData_20190402_Ntuple_18.root
/cms/store/user/rverma/ntuple_MuData_kfitM_20190402/MuData_20190402/MuRunGv1_MuData_20190402/SingleMuon/MuRunGv1_MuData_20190402/190402_162445/0000/MuRunGv1_MuData_20190402_Ntuple_27.root
/cms/store/user/rverma/ntuple_MuData_kfitM_20190402/MuData_20190402/MuRunGv1_MuData_20190402/SingleMuon/MuRunGv1_MuData_20190402/190402_162445/0000/MuRunGv1_MuData_20190402_Ntuple_6.root
/cms/store/user/rverma/ntuple_MuData_kfitM_20190402/MuData_20190402/MuRunGv1_MuData_20190402/SingleMuon/MuRunGv1_MuData_20190402/190402_162445/0000/MuRunGv1_MuData_20190402_Ntuple_8.root
/cms/store/user/rverma/ntuple_MuData_kfitM_20190402/MuData_20190402/MuRunGv1_MuData_20190402/SingleMuon/MuRunGv1_MuData_20190402/190402_162445/0000/MuRunGv1_MuData_20190402_Ntuple_49.root
/cms/store/user/rverma/ntuple_MuData_kfitM_20190402/MuData_20190402/MuRunGv1_MuData_20190402/SingleMuon/MuRunGv1_MuData_20190402/190402_162445/0000/MuRunGv1_MuData_20190402_Ntuple_56.root
/cms/store/user/rverma/ntuple_MuData_kfitM_20190402/MuData_20190402/MuRunGv1_MuData_20190402/SingleMuon/MuRunGv1_MuData_20190402/190402_162445/0000/MuRunGv1_MuData_20190402_Ntuple_57.root
/cms/store/user/rverma/ntuple_MuData_kfitM_20190402/MuData_20190402/MuRunGv1_MuData_20190402/SingleMuon/MuRunGv1_MuData_20190402/190402_162445/0000/MuRunGv1_MuData_20190402_Ntuple_79.root
/cms/store/user/rverma/ntuple_MuData_kfitM_20190402/MuData_20190402/MuRunGv1_MuData_20190402/SingleMuon/MuRunGv1_MuData_20190402/190402_162445/0000/MuRunGv1_MuData_20190402_Ntuple_53.root
/cms/store/user/rverma/ntuple_MuData_kfitM_20190402/MuData_20190402/MuRunGv1_MuData_20190402/SingleMuon/MuRunGv1_MuData_20190402/190402_162445/0000/MuRunGv1_MuData_20190402_Ntuple_62.root
/cms/store/user/rverma/ntuple_MuData_kfitM_20190402/MuData_20190402/MuRunGv1_MuData_20190402/SingleMuon/MuRunGv1_MuData_20190402/190402_162445/0000/MuRunGv1_MuData_20190402_Ntuple_64.root
/cms/store/user/rverma/ntuple_MuData_kfitM_20190402/MuData_20190402/MuRunGv1_MuData_20190402/SingleMuon/MuRunGv1_MuData_20190402/190402_162445/0000/MuRunGv1_MuData_20190402_Ntuple_74.root
/cms/store/user/rverma/ntuple_MuData_kfitM_20190402/MuData_20190402/MuRunGv1_MuData_20190402/SingleMuon/MuRunGv1_MuData_20190402/190402_162445/0000/MuRunGv1_MuData_20190402_Ntuple_61.root
/cms/store/user/rverma/ntuple_MuData_kfitM_20190402/MuData_20190402/MuRunGv1_MuData_20190402/SingleMuon/MuRunGv1_MuData_20190402/190402_162445/0000/MuRunGv1_MuData_20190402_Ntuple_81.root
/cms/store/user/rverma/ntuple_MuData_kfitM_20190402/MuData_20190402/MuRunGv1_MuData_20190402/SingleMuon/MuRunGv1_MuData_20190402/190402_162445/0000/MuRunGv1_MuData_20190402_Ntuple_69.root
/cms/store/user/rverma/ntuple_MuData_kfitM_20190402/MuData_20190402/MuRunGv1_MuData_20190402/SingleMuon/MuRunGv1_MuData_20190402/190402_162445/0000/MuRunGv1_MuData_20190402_Ntuple_47.root
/cms/store/user/rverma/ntuple_MuData_kfitM_20190402/MuData_20190402/MuRunGv1_MuData_20190402/SingleMuon/MuRunGv1_MuData_20190402/190402_162445/0000/MuRunGv1_MuData_20190402_Ntuple_48.root
/cms/store/user/rverma/ntuple_MuData_kfitM_20190402/MuData_20190402/MuRunGv1_MuData_20190402/SingleMuon/MuRunGv1_MuData_20190402/190402_162445/0000/MuRunGv1_MuData_20190402_Ntuple_50.root
/cms/store/user/rverma/ntuple_MuData_kfitM_20190402/MuData_20190402/MuRunGv1_MuData_20190402/SingleMuon/MuRunGv1_MuData_20190402/190402_162445/0000/MuRunGv1_MuData_20190402_Ntuple_73.root
/cms/store/user/rverma/ntuple_MuData_kfitM_20190402/MuData_20190402/MuRunGv1_MuData_20190402/SingleMuon/MuRunGv1_MuData_20190402/190402_162445/0000/MuRunGv1_MuData_20190402_Ntuple_51.root
/cms/store/user/rverma/ntuple_MuData_kfitM_20190402/MuData_20190402/MuRunGv1_MuData_20190402/SingleMuon/MuRunGv1_MuData_20190402/190402_162445/0000/MuRunGv1_MuData_20190402_Ntuple_72.root
/cms/store/user/rverma/ntuple_MuData_kfitM_20190402/MuData_20190402/MuRunGv1_MuData_20190402/SingleMuon/MuRunGv1_MuData_20190402/190402_162445/0000/MuRunGv1_MuData_20190402_Ntuple_67.root
/cms/store/user/rverma/ntuple_MuData_kfitM_20190402/MuData_20190402/MuRunGv1_MuData_20190402/SingleMuon/MuRunGv1_MuData_20190402/190402_162445/0000/MuRunGv1_MuData_20190402_Ntuple_63.root
/cms/store/user/rverma/ntuple_MuData_kfitM_20190402/MuData_20190402/MuRunGv1_MuData_20190402/SingleMuon/MuRunGv1_MuData_20190402/190402_162445/0000/MuRunGv1_MuData_20190402_Ntuple_65.root
/cms/store/user/rverma/ntuple_MuData_kfitM_20190402/MuData_20190402/MuRunGv1_MuData_20190402/SingleMuon/MuRunGv1_MuData_20190402/190402_162445/0000/MuRunGv1_MuData_20190402_Ntuple_77.root
/cms/store/user/rverma/ntuple_MuData_kfitM_20190402/MuData_20190402/MuRunGv1_MuData_20190402/SingleMuon/MuRunGv1_MuData_20190402/190402_162445/0000/MuRunGv1_MuData_20190402_Ntuple_54.root
/cms/store/user/rverma/ntuple_MuData_kfitM_20190402/MuData_20190402/MuRunGv1_MuData_20190402/SingleMuon/MuRunGv1_MuData_20190402/190402_162445/0000/MuRunGv1_MuData_20190402_Ntuple_68.root
/cms/store/user/rverma/ntuple_MuData_kfitM_20190402/MuData_20190402/MuRunGv1_MuData_20190402/SingleMuon/MuRunGv1_MuData_20190402/190402_162445/0000/MuRunGv1_MuData_20190402_Ntuple_58.root
/cms/store/user/rverma/ntuple_MuData_kfitM_20190402/MuData_20190402/MuRunGv1_MuData_20190402/SingleMuon/MuRunGv1_MuData_20190402/190402_162445/0000/MuRunGv1_MuData_20190402_Ntuple_52.root
/cms/store/user/rverma/ntuple_MuData_kfitM_20190402/MuData_20190402/MuRunGv1_MuData_20190402/SingleMuon/MuRunGv1_MuData_20190402/190402_162445/0000/MuRunGv1_MuData_20190402_Ntuple_7.root
/cms/store/user/rverma/ntuple_MuData_kfitM_20190402/MuData_20190402/MuRunGv1_MuData_20190402/SingleMuon/MuRunGv1_MuData_20190402/190402_162445/0000/MuRunGv1_MuData_20190402_Ntuple_88.root
/cms/store/user/rverma/ntuple_MuData_kfitM_20190402/MuData_20190402/MuRunGv1_MuData_20190402/SingleMuon/MuRunGv1_MuData_20190402/190402_162445/0000/MuRunGv1_MuData_20190402_Ntuple_80.root
/cms/store/user/rverma/ntuple_MuData_kfitM_20190402/MuData_20190402/MuRunGv1_MuData_20190402/SingleMuon/MuRunGv1_MuData_20190402/190402_162445/0000/MuRunGv1_MuData_20190402_Ntuple_9.root
/cms/store/user/rverma/ntuple_MuData_kfitM_20190402/MuData_20190402/MuRunGv1_MuData_20190402/SingleMuon/MuRunGv1_MuData_20190402/190402_162445/0000/MuRunGv1_MuData_20190402_Ntuple_92.root
/cms/store/user/rverma/ntuple_MuData_kfitM_20190402/MuData_20190402/MuRunGv1_MuData_20190402/SingleMuon/MuRunGv1_MuData_20190402/190402_162445/0000/MuRunGv1_MuData_20190402_Ntuple_93.root
/cms/store/user/rverma/ntuple_MuData_kfitM_20190402/MuData_20190402/MuRunGv1_MuData_20190402/SingleMuon/MuRunGv1_MuData_20190402/190402_162445/0000/MuRunGv1_MuData_20190402_Ntuple_96.root
/cms/store/user/rverma/ntuple_MuData_kfitM_20190402/MuData_20190402/MuRunGv1_MuData_20190402/SingleMuon/MuRunGv1_MuData_20190402/190402_162445/0000/MuRunGv1_MuData_20190402_Ntuple_97.root
/cms/store/user/rverma/ntuple_MuData_kfitM_20190402/MuData_20190402/MuRunGv1_MuData_20190402/SingleMuon/MuRunGv1_MuData_20190402/190402_162445/0000/MuRunGv1_MuData_20190402_Ntuple_91.root
/cms/store/user/rverma/ntuple_MuData_kfitM_20190402/MuData_20190402/MuRunH2v1_MuData_20190402/SingleMuon/MuRunH2v1_MuData_20190402/190402_162521/0000/MuRunH2v1_MuData_20190402_Ntuple_104.root
/cms/store/user/rverma/ntuple_MuData_kfitM_20190402/MuData_20190402/MuRunH2v1_MuData_20190402/SingleMuon/MuRunH2v1_MuData_20190402/190402_162521/0000/MuRunH2v1_MuData_20190402_Ntuple_105.root
/cms/store/user/rverma/ntuple_MuData_kfitM_20190402/MuData_20190402/MuRunH2v1_MuData_20190402/SingleMuon/MuRunH2v1_MuData_20190402/190402_162521/0000/MuRunH2v1_MuData_20190402_Ntuple_122.root
/cms/store/user/rverma/ntuple_MuData_kfitM_20190402/MuData_20190402/MuRunH2v1_MuData_20190402/SingleMuon/MuRunH2v1_MuData_20190402/190402_162521/0000/MuRunH2v1_MuData_20190402_Ntuple_141.root
