

-- Submitter: ui.indiacms.res.in : <144.16.111.6:9653> : ui.indiacms.res.in
 ID      OWNER            SUBMITTED     RUN_TIME ST PRI SIZE CMD               
1985223.0   pdas           12/29 17:56   0+23:01:06 R  0   439.5 Job_data_SingleEle
1985258.0   pdas           12/29 17:57   0+22:14:43 R  0   439.5 Job_flip_DoubleEG_
1985265.0   pdas           12/29 17:57   0+22:10:40 R  0   439.5 Job_flip_SingleEle
1985267.0   pdas           12/29 17:57   0+22:09:19 R  0   439.5 Job_flip_SingleEle
1985268.0   pdas           12/29 17:57   0+22:08:59 R  0   439.5 Job_flip_SingleEle
1985270.0   pdas           12/29 17:57   0+22:08:38 R  0   439.5 Job_flip_SingleEle
1985271.0   pdas           12/29 17:57   0+22:08:18 R  0   439.5 Job_flip_SingleEle
1985303.0   pdas           12/30 12:51   0+04:02:36 R  0   415.0 Job_fake_DoubleMuo
1985304.0   pdas           12/30 12:51   0+04:02:35 R  0   415.0 Job_fake_DoubleMuo
1985305.0   pdas           12/30 12:51   0+04:02:35 R  0   415.0 Job_fake_DoubleMuo
1985306.0   pdas           12/30 12:51   0+04:02:34 R  0   415.0 Job_fake_DoubleMuo
1985307.0   pdas           12/30 12:51   0+04:02:34 R  0   415.0 Job_fake_DoubleMuo
1985308.0   pdas           12/30 12:51   0+04:02:34 R  0   415.0 Job_fake_DoubleMuo
1985309.0   pdas           12/30 12:51   0+04:02:34 R  0   415.0 Job_fake_DoubleMuo
1985310.0   pdas           12/30 12:51   0+04:02:30 R  0   293.0 Job_fake_DoubleEG_
1985311.0   pdas           12/30 12:51   0+04:02:34 R  0   439.5 Job_fake_DoubleEG_
1985312.0   pdas           12/30 12:51   0+04:02:34 R  0   439.5 Job_fake_DoubleEG_
1985313.0   pdas           12/30 12:51   0+04:02:30 R  0   439.5 Job_fake_DoubleEG_
1985314.0   pdas           12/30 12:51   0+04:02:33 R  0   415.0 Job_fake_DoubleEG_
1985315.0   pdas           12/30 12:51   0+04:02:30 R  0   268.6 Job_fake_DoubleEG_
1985316.0   pdas           12/30 12:51   0+04:02:32 R  0   293.0 Job_fake_DoubleEG_
1985317.0   pdas           12/30 12:51   0+04:00:24 R  0   415.0 Job_fake_MuonEG_20
1985322.0   pdas           12/30 12:51   0+04:00:25 R  0   415.0 Job_fake_MuonEG_20
1985323.0   pdas           12/30 12:51   0+04:02:29 R  0   415.0 Job_fake_MuonEG_20
1985324.0   pdas           12/30 12:51   0+04:02:28 R  0   268.6 Job_fake_SingleMuo
1985325.0   pdas           12/30 12:51   0+04:02:20 R  0   268.6 Job_fake_SingleMuo
1985326.0   pdas           12/30 12:51   0+04:02:11 R  0   293.0 Job_fake_SingleMuo
1985327.0   pdas           12/30 12:51   0+04:02:10 R  0   268.6 Job_fake_SingleMuo
1985328.0   pdas           12/30 12:51   0+04:02:32 R  0   268.6 Job_fake_SingleMuo
1985329.0   pdas           12/30 12:51   0+04:02:09 R  0   268.6 Job_fake_SingleMuo
1985330.0   pdas           12/30 12:51   0+04:02:32 R  0   268.6 Job_fake_SingleMuo
1985331.0   pdas           12/30 12:51   0+04:02:31 R  0   293.0 Job_fake_SingleEle
1985332.0   pdas           12/30 12:51   0+04:02:35 R  0   268.6 Job_fake_SingleEle
1985333.0   pdas           12/30 12:51   0+04:02:31 R  0   268.6 Job_fake_SingleEle
1985334.0   pdas           12/30 12:52   0+04:02:10 R  0   268.6 Job_fake_SingleEle
1985335.0   pdas           12/30 12:52   0+04:02:31 R  0   268.6 Job_fake_SingleEle
1985336.0   pdas           12/30 12:52   0+04:02:34 R  0   268.6 Job_fake_SingleEle
1985337.0   pdas           12/30 12:52   0+04:02:31 R  0   268.6 Job_fake_SingleEle
1985338.0   pdas           12/30 13:00   0+03:57:09 R  0   293.0 Job_fake_DoubleEG_
1985339.0   pdas           12/30 13:00   0+03:54:33 R  0   439.5 Job_fake_DoubleEG_
1985340.0   pdas           12/30 13:00   0+03:49:45 R  0   439.5 Job_fake_DoubleEG_
1985341.0   pdas           12/30 13:00   0+03:47:03 R  0   439.5 Job_fake_DoubleEG_
1985342.0   pdas           12/30 13:00   0+03:44:47 R  0   415.0 Job_fake_DoubleEG_
1985343.0   pdas           12/30 13:00   0+03:26:18 R  0   439.5 Job_fake_DoubleEG_
1985344.0   pdas           12/30 13:00   0+03:26:15 R  0   439.5 Job_fake_DoubleEG_
1985345.0   pdas           12/30 13:00   0+03:24:58 R  0   293.0 Job_fake_SingleEle
1985346.0   pdas           12/30 13:00   0+03:23:30 R  0   439.5 Job_fake_SingleEle
1985347.0   pdas           12/30 13:00   0+03:15:00 R  0   439.5 Job_fake_SingleEle
1985348.0   pdas           12/30 13:00   0+03:13:52 R  0   268.6 Job_fake_SingleEle
1985349.0   pdas           12/30 13:00   0+03:07:58 R  0   268.6 Job_fake_SingleEle
1985350.0   pdas           12/30 13:00   0+03:07:58 R  0   268.6 Job_fake_SingleEle
1985351.0   pdas           12/30 13:00   0+03:06:35 R  0   415.0 Job_fake_SingleEle
1985352.0   pdas           12/30 13:00   0+03:07:30 R  0   415.0 Job_fake_MuonEG_20
1985353.0   pdas           12/30 13:00   0+03:07:30 R  0   415.0 Job_fake_MuonEG_20
1985354.0   pdas           12/30 13:00   0+03:06:37 R  0   415.0 Job_fake_MuonEG_20
1985355.0   pdas           12/30 13:00   0+02:58:31 R  0   415.0 Job_fake_MuonEG_20
1985356.0   pdas           12/30 13:00   0+01:43:49 R  0   415.0 Job_fake_MuonEG_20
1985357.0   pdas           12/30 13:00   0+01:24:11 R  0   415.0 Job_fake_MuonEG_20
1985358.0   pdas           12/30 13:00   0+00:35:25 R  0   293.0 Job_fake_MuonEG_20
1985359.0   pdas           12/30 13:10   0+00:10:09 R  0   0.0  Job_fake_DoubleMuo
1985360.0   pdas           12/30 13:10   0+00:03:02 R  0   0.0  Job_fake_DoubleMuo
1985361.0   pdas           12/30 13:10   0+00:00:00 I  0   0.0  Job_fake_DoubleMuo
1985362.0   pdas           12/30 13:10   0+00:00:00 I  0   0.0  Job_fake_DoubleMuo
1985363.0   pdas           12/30 13:10   0+00:00:00 I  0   0.0  Job_fake_DoubleMuo
1985364.0   pdas           12/30 13:10   0+00:00:00 I  0   0.0  Job_fake_DoubleMuo
1985365.0   pdas           12/30 13:10   0+00:00:00 I  0   0.0  Job_fake_DoubleMuo
1985366.0   pdas           12/30 13:10   0+00:00:00 I  0   0.0  Job_fake_MuonEG_20
1985367.0   pdas           12/30 13:10   0+00:00:00 I  0   0.0  Job_fake_MuonEG_20
1985368.0   pdas           12/30 13:10   0+00:00:00 I  0   0.0  Job_fake_MuonEG_20
1985369.0   pdas           12/30 13:10   0+00:00:00 I  0   0.0  Job_fake_MuonEG_20
1985370.0   pdas           12/30 13:10   0+00:00:00 I  0   0.0  Job_fake_MuonEG_20
1985371.0   pdas           12/30 13:10   0+00:00:00 I  0   0.0  Job_fake_MuonEG_20
1985372.0   pdas           12/30 13:10   0+00:00:00 I  0   0.0  Job_fake_MuonEG_20
1985380.0   pdas           12/30 13:10   0+00:00:00 I  0   0.0  Job_fake_SingleMuo
1985381.0   pdas           12/30 13:10   0+00:00:00 I  0   0.0  Job_fake_SingleMuo
1985382.0   pdas           12/30 13:10   0+00:00:00 I  0   0.0  Job_fake_SingleMuo
1985383.0   pdas           12/30 13:10   0+00:00:00 I  0   0.0  Job_fake_SingleMuo
1985384.0   pdas           12/30 13:10   0+00:00:00 I  0   0.0  Job_fake_SingleMuo
1985385.0   pdas           12/30 13:10   0+00:00:00 I  0   0.0  Job_fake_SingleMuo
1985386.0   pdas           12/30 13:10   0+00:00:00 I  0   0.0  Job_fake_SingleMuo

80 jobs; 0 completed, 0 removed, 19 idle, 61 running, 0 held, 0 suspended
