/cms/store/user/rverma/ntuple_MuMC_kfitM_20171115/MuMC_20171115/TTJetsM_MuMC_20171115/TTJets_TuneCUETP8M1_13TeV-madgraphMLM-pythia8/TTJetsM_MuMC_20171115/171115_113918/0000/TTJetsM_MuMC_20171115_Ntuple_30.root
/cms/store/user/rverma/ntuple_MuMC_kfitM_20171115/MuMC_20171115/DY1JetsToLL_MuMC_20171115/DY1JetsToLL_M-50_TuneCUETP8M1_13TeV-madgraphMLM-pythia8/DY1JetsToLL_MuMC_20171115/171115_112730/0000/DY1JetsToLL_MuMC_20171115_Ntuple_60.root
/cms/store/user/rverma/ntuple_MuMC_kfitM_20171115/MuMC_20171115/WJetsToLNu_MuMC_20171115/WJetsToLNu_TuneCUETP8M1_13TeV-madgraphMLM-pythia8/WJetsToLNu_MuMC_20171115/171115_114207/0000/WJetsToLNu_MuMC_20171115_Ntuple_51.root
/cms/store/user/rverma/ntuple_MuMC_kfitM_20171115/MuMC_20171115/WJetsToLNu_MuMC_20171115/WJetsToLNu_TuneCUETP8M1_13TeV-madgraphMLM-pythia8/WJetsToLNu_MuMC_20171115/171115_114207/0000/WJetsToLNu_MuMC_20171115_Ntuple_6.root
/cms/store/user/rverma/ntuple_MuMC_kfitM_20171115/MuMC_20171115/HplusM90_MuMC_20171115/ChargedHiggsToCS_M090_13TeV-madgraph/HplusM90_MuMC_20171115/171115_113326/0000/HplusM90_MuMC_20171115_Ntuple_15.root
/cms/store/user/rverma/ntuple_MuMC_kfitM_20171115/MuMC_20171115/WJetsToLNu_MuMC_20171115/WJetsToLNu_TuneCUETP8M1_13TeV-madgraphMLM-pythia8/WJetsToLNu_MuMC_20171115/171115_114207/0000/WJetsToLNu_MuMC_20171115_Ntuple_8.root
/cms/store/user/rverma/ntuple_MuMC_kfitM_20171115/MuMC_20171115/HplusM150_MuMC_20171115/ChargedHiggsToCS_M150_13TeV-madgraph/HplusM150_MuMC_20171115/171115_113137/0000/HplusM150_MuMC_20171115_Ntuple_11.root
/cms/store/user/rverma/ntuple_MuMC_kfitM_20171115/MuMC_20171115/W1JetsToLNu_MuMC_20171115/W1JetsToLNu_TuneCUETP8M1_13TeV-madgraphMLM-pythia8/W1JetsToLNu_MuMC_20171115/171115_114012/0000/W1JetsToLNu_MuMC_20171115_Ntuple_15.root
/cms/store/user/rverma/ntuple_MuMC_kfitM_20171115/MuMC_20171115/TTJetsP_MuMC_20171115/TT_TuneCUETP8M2T4_13TeV-powheg-pythia8/TTJetsP_MuMC_20171115/171115_113943/0000/TTJetsP_MuMC_20171115_Ntuple_102.root
/cms/store/user/rverma/ntuple_MuMC_kfitM_20171115/MuMC_20171115/HplusM150_MuMC_20171115/ChargedHiggsToCS_M150_13TeV-madgraph/HplusM150_MuMC_20171115/171115_113137/0000/HplusM150_MuMC_20171115_Ntuple_13.root
/cms/store/user/rverma/ntuple_MuMC_kfitM_20171115/MuMC_20171115/ZZ_MuMC_20171115/ZZ_TuneCUETP8M1_13TeV-pythia8/ZZ_MuMC_20171115/171115_114329/0000/ZZ_MuMC_20171115_Ntuple_2.root
/cms/store/user/rverma/ntuple_MuMC_kfitM_20171115/MuMC_20171115/QCD_Pt-170to300_Mu_MuMC_20171115/QCD_Pt-170to300_MuEnrichedPt5_TuneCUETP8M1_13TeV_pythia8/QCD_Pt-170to300_Mu_MuMC_20171115/171115_113446/0000/QCD_Pt-170to300_Mu_MuMC_20171115_Ntuple_4.root
/cms/store/user/rverma/ntuple_MuData_kfitM_20171115/MuData_20171115/MuRunB2v2_MuData_20171115/SingleMuon/MuRunB2v2_MuData_20171115/171115_114357/0000/MuRunB2v2_MuData_20171115_Ntuple_131.root
/cms/store/user/rverma/ntuple_MuMC_kfitM_20171115/MuMC_20171115/WJetsToLNu_MuMC_20171115/WJetsToLNu_TuneCUETP8M1_13TeV-madgraphMLM-pythia8/WJetsToLNu_MuMC_20171115/171115_114207/0000/WJetsToLNu_MuMC_20171115_Ntuple_53.root
/cms/store/user/rverma/ntuple_MuMC_kfitM_20171115/MuMC_20171115/DY1JetsToLL_MuMC_20171115/DY1JetsToLL_M-50_TuneCUETP8M1_13TeV-madgraphMLM-pythia8/DY1JetsToLL_MuMC_20171115/171115_112730/0000/DY1JetsToLL_MuMC_20171115_Ntuple_70.root
/cms/store/user/rverma/ntuple_MuMC_kfitM_20171115/MuMC_20171115/HplusM80_MuMC_20171115/ChargedHiggsToCS_M080_13TeV-madgraph/HplusM80_MuMC_20171115/171115_113259/0000/HplusM80_MuMC_20171115_Ntuple_1.root
/cms/store/user/rverma/ntuple_MuMC_kfitM_20171115/MuMC_20171115/TTJetsP_MuMC_20171115/TT_TuneCUETP8M2T4_13TeV-powheg-pythia8/TTJetsP_MuMC_20171115/171115_113943/0000/TTJetsP_MuMC_20171115_Ntuple_300.root
/cms/store/user/rverma/ntuple_MuMC_kfitM_20171115/MuMC_20171115/ST_t_MuMC_20171115/ST_t-channel_antitop_4f_inclusiveDecays_13TeV-powhegV2-madspin-pythia8_TuneCUETP8M1/ST_t_MuMC_20171115/171115_113819/0000/ST_t_MuMC_20171115_Ntuple_29.root
/cms/store/user/rverma/ntuple_MuMC_kfitM_20171115/MuMC_20171115/TTJetsP_MuMC_20171115/TT_TuneCUETP8M2T4_13TeV-powheg-pythia8/TTJetsP_MuMC_20171115/171115_113943/0000/TTJetsP_MuMC_20171115_Ntuple_323.root
/cms/store/user/rverma/ntuple_MuData_kfitM_20171115/MuData_20171115/MuRunGv1_MuData_20171115/SingleMuon/MuRunGv1_MuData_20171115/171115_114646/0000/MuRunGv1_MuData_20171115_Ntuple_85.root
/cms/store/user/rverma/ntuple_MuData_kfitM_20171115/MuData_20171115/MuRunDv1_MuData_20171115/SingleMuon/MuRunDv1_MuData_20171115/171115_114450/0000/MuRunDv1_MuData_20171115_Ntuple_59.root
/cms/store/user/rverma/ntuple_MuMC_kfitM_20171115/MuMC_20171115/TTJetsM_MuMC_20171115/TTJets_TuneCUETP8M1_13TeV-madgraphMLM-pythia8/TTJetsM_MuMC_20171115/171115_113918/0000/TTJetsM_MuMC_20171115_Ntuple_3.root
/cms/store/user/rverma/ntuple_MuData_kfitM_20171115/MuData_20171115/MuRunB2v2_MuData_20171115/SingleMuon/MuRunB2v2_MuData_20171115/171115_114357/0000/MuRunB2v2_MuData_20171115_Ntuple_54.root
/cms/store/user/rverma/ntuple_MuMC_kfitM_20171115/MuMC_20171115/WW_MuMC_20171115/WW_TuneCUETP8M1_13TeV-pythia8/WW_MuMC_20171115/171115_114237/0000/WW_MuMC_20171115_Ntuple_2.root
/cms/store/user/rverma/ntuple_MuMC_kfitM_20171115/MuMC_20171115/ZZ_MuMC_20171115/ZZ_TuneCUETP8M1_13TeV-pythia8/ZZ_MuMC_20171115/171115_114329/0000/ZZ_MuMC_20171115_Ntuple_1.root
/cms/store/user/rverma/ntuple_MuData_kfitM_20171119/MuData_20171119/MuRunH2v1_MuData_20171119/SingleMuon/MuRunH2v1_MuData_20171119/171119_124518/0000/MuRunH2v1_MuData_20171119_Ntuple_6.root
/cms/store/user/rverma/ntuple_MuData_kfitM_20171115/MuData_20171115/MuRunH2v1_MuData_20171115/SingleMuon/MuRunH2v1_MuData_20171115/171115_114717/0000/MuRunH2v1_MuData_20171115_Ntuple_41.root
/cms/store/user/rverma/ntuple_MuMC_kfitM_20171115/MuMC_20171115/HplusM80_MuMC_20171115/ChargedHiggsToCS_M080_13TeV-madgraph/HplusM80_MuMC_20171115/171115_113259/0000/HplusM80_MuMC_20171115_Ntuple_8.root
/cms/store/user/rverma/ntuple_MuMC_kfitM_20171115/MuMC_20171115/WJetsToLNu_MuMC_20171115/WJetsToLNu_TuneCUETP8M1_13TeV-madgraphMLM-pythia8/WJetsToLNu_MuMC_20171115/171115_114207/0000/WJetsToLNu_MuMC_20171115_Ntuple_7.root
/cms/store/user/rverma/ntuple_MuMC_kfitM_20171115/MuMC_20171115/TTJetsP_MuMC_20171115/TT_TuneCUETP8M2T4_13TeV-powheg-pythia8/TTJetsP_MuMC_20171115/171115_113943/0000/TTJetsP_MuMC_20171115_Ntuple_16.root
/cms/store/user/rverma/ntuple_MuMC_kfitM_20171115/MuMC_20171115/ST_t_MuMC_20171115/ST_t-channel_antitop_4f_inclusiveDecays_13TeV-powhegV2-madspin-pythia8_TuneCUETP8M1/ST_t_MuMC_20171115/171115_113819/0000/ST_t_MuMC_20171115_Ntuple_108.root
/cms/store/user/rverma/ntuple_MuData_kfitM_20171119/MuData_20171119/MuRunB2v2_MuData_20171119/SingleMuon/MuRunB2v2_MuData_20171119/171119_124352/0000/MuRunB2v2_MuData_20171119_Ntuple_48.root
/cms/store/user/rverma/ntuple_MuData_kfitM_20171119/MuData_20171119/MuRunH2v1_MuData_20171119/SingleMuon/MuRunH2v1_MuData_20171119/171119_124518/0000/MuRunH2v1_MuData_20171119_Ntuple_63.root
/cms/store/user/rverma/ntuple_MuMC_kfitM_20171115/MuMC_20171115/WZ_MuMC_20171115/WZ_TuneCUETP8M1_13TeV-pythia8/WZ_MuMC_20171115/171115_114303/0000/WZ_MuMC_20171115_Ntuple_3.root
/cms/store/user/rverma/ntuple_MuMC_kfitM_20171115/MuMC_20171115/TTJetsP_MuMC_20171115/TT_TuneCUETP8M2T4_13TeV-powheg-pythia8/TTJetsP_MuMC_20171115/171115_113943/0000/TTJetsP_MuMC_20171115_Ntuple_217.root
/cms/store/user/rverma/ntuple_MuMC_kfitM_20171115/MuMC_20171115/QCD_Pt-30to50_Mu_MuMC_20171115/QCD_Pt-30to50_MuEnrichedPt5_TuneCUETP8M1_13TeV_pythia8/QCD_Pt-30to50_Mu_MuMC_20171115/171115_113611/0000/QCD_Pt-30to50_Mu_MuMC_20171115_Ntuple_36.root
/cms/store/user/rverma/ntuple_MuMC_kfitM_20171115/MuMC_20171115/W3JetsToLNu_MuMC_20171115/W3JetsToLNu_TuneCUETP8M1_13TeV-madgraphMLM-pythia8/W3JetsToLNu_MuMC_20171115/171115_114117/0000/W3JetsToLNu_MuMC_20171115_Ntuple_21.root
/cms/store/user/rverma/ntuple_MuData_kfitM_20171115/MuData_20171115/MuRunFv1_MuData_20171115/SingleMuon/MuRunFv1_MuData_20171115/171115_114545/0000/MuRunFv1_MuData_20171115_Ntuple_51.root
/cms/store/user/rverma/ntuple_MuMC_kfitM_20171115/MuMC_20171115/WJetsToLNu_MuMC_20171115/WJetsToLNu_TuneCUETP8M1_13TeV-madgraphMLM-pythia8/WJetsToLNu_MuMC_20171115/171115_114207/0000/WJetsToLNu_MuMC_20171115_Ntuple_50.root
/cms/store/user/rverma/ntuple_MuMC_kfitM_20171115/MuMC_20171115/DY1JetsToLL_MuMC_20171115/DY1JetsToLL_M-50_TuneCUETP8M1_13TeV-madgraphMLM-pythia8/DY1JetsToLL_MuMC_20171115/171115_112730/0000/DY1JetsToLL_MuMC_20171115_Ntuple_115.root
/cms/store/user/rverma/ntuple_MuData_kfitM_20171119/MuData_20171119/MuRunH2v1_MuData_20171119/SingleMuon/MuRunH2v1_MuData_20171119/171119_124518/0000/MuRunH2v1_MuData_20171119_Ntuple_64.root
/cms/store/user/rverma/ntuple_MuData_kfitM_20171115/MuData_20171115/MuRunH2v1_MuData_20171115/SingleMuon/MuRunH2v1_MuData_20171115/171115_114717/0000/MuRunH2v1_MuData_20171115_Ntuple_83.root
/cms/store/user/rverma/ntuple_MuMC_kfitM_20171115/MuMC_20171115/WJetsToLNu_MuMC_20171115/WJetsToLNu_TuneCUETP8M1_13TeV-madgraphMLM-pythia8/WJetsToLNu_MuMC_20171115/171115_114207/0000/WJetsToLNu_MuMC_20171115_Ntuple_5.root
/cms/store/user/rverma/ntuple_MuMC_kfitM_20171115/MuMC_20171115/WW_MuMC_20171115/WW_TuneCUETP8M1_13TeV-pythia8/WW_MuMC_20171115/171115_114237/0000/WW_MuMC_20171115_Ntuple_1.root
/cms/store/user/rverma/ntuple_MuMC_kfitM_20171115/MuMC_20171115/WZ_MuMC_20171115/WZ_TuneCUETP8M1_13TeV-pythia8/WZ_MuMC_20171115/171115_114303/0000/WZ_MuMC_20171115_Ntuple_1.root
/cms/store/user/rverma/ntuple_MuData_kfitM_20171115/MuData_20171115/MuRunH2v1_MuData_20171115/SingleMuon/MuRunH2v1_MuData_20171115/171115_114717/0000/MuRunH2v1_MuData_20171115_Ntuple_101.root
/cms/store/user/rverma/ntuple_MuMC_kfitM_20171115/MuMC_20171115/DY1JetsToLL_MuMC_20171115/DY1JetsToLL_M-50_TuneCUETP8M1_13TeV-madgraphMLM-pythia8/DY1JetsToLL_MuMC_20171115/171115_112730/0000/DY1JetsToLL_MuMC_20171115_Ntuple_63.root
/cms/store/user/rverma/ntuple_MuMC_kfitM_20171115/MuMC_20171115/QCD_Pt-20to30_Mu_MuMC_20171115/QCD_Pt-20to30_MuEnrichedPt5_TuneCUETP8M1_13TeV_pythia8/QCD_Pt-20to30_Mu_MuMC_20171115/171115_113513/0000/QCD_Pt-20to30_Mu_MuMC_20171115_Ntuple_3.root
/cms/store/user/rverma/ntuple_MuMC_kfitM_20171115/MuMC_20171115/WZ_MuMC_20171115/WZ_TuneCUETP8M1_13TeV-pythia8/WZ_MuMC_20171115/171115_114303/0000/WZ_MuMC_20171115_Ntuple_4.root
/cms/store/user/rverma/ntuple_MuMC_kfitM_20171115/MuMC_20171115/WZ_MuMC_20171115/WZ_TuneCUETP8M1_13TeV-pythia8/WZ_MuMC_20171115/171115_114303/0000/WZ_MuMC_20171115_Ntuple_2.root
/cms/store/user/rverma/ntuple_MuMC_kfitM_20171115/MuMC_20171115/DY1JetsToLL_MuMC_20171115/DY1JetsToLL_M-50_TuneCUETP8M1_13TeV-madgraphMLM-pythia8/DY1JetsToLL_MuMC_20171115/171115_112730/0000/DY1JetsToLL_MuMC_20171115_Ntuple_31.root
/cms/store/user/rverma/ntuple_MuData_kfitM_20171115/MuData_20171115/MuRunGv1_MuData_20171115/SingleMuon/MuRunGv1_MuData_20171115/171115_114646/0000/MuRunGv1_MuData_20171115_Ntuple_67.root
/cms/store/user/rverma/ntuple_MuMC_kfitM_20171115/MuMC_20171115/TTJetsP_MuMC_20171115/TT_TuneCUETP8M2T4_13TeV-powheg-pythia8/TTJetsP_MuMC_20171115/171115_113943/0000/TTJetsP_MuMC_20171115_Ntuple_265.root
/cms/store/user/rverma/ntuple_MuMC_kfitM_20171115/MuMC_20171115/TTJetsP_MuMC_20171115/TT_TuneCUETP8M2T4_13TeV-powheg-pythia8/TTJetsP_MuMC_20171115/171115_113943/0000/TTJetsP_MuMC_20171115_Ntuple_137.root
/cms/store/user/rverma/ntuple_MuMC_kfitM_20171115/MuMC_20171115/WJetsToLNu_MuMC_20171115/WJetsToLNu_TuneCUETP8M1_13TeV-madgraphMLM-pythia8/WJetsToLNu_MuMC_20171115/171115_114207/0000/WJetsToLNu_MuMC_20171115_Ntuple_52.root
/cms/store/user/rverma/ntuple_MuMC_kfitM_20171115/MuMC_20171115/WJetsToLNu_MuMC_20171115/WJetsToLNu_TuneCUETP8M1_13TeV-madgraphMLM-pythia8/WJetsToLNu_MuMC_20171115/171115_114207/0000/WJetsToLNu_MuMC_20171115_Ntuple_9.root
/cms/store/user/rverma/ntuple_MuMC_kfitM_20171115/MuMC_20171115/DYJetsToLL_MuMC_20171115/DYJetsToLL_M-50_TuneCUETP8M1_13TeV-madgraphMLM-pythia8/DYJetsToLL_MuMC_20171115/171115_112935/0000/DYJetsToLL_MuMC_20171115_Ntuple_48.root
/cms/store/user/rverma/ntuple_MuMC_kfitM_20171115/MuMC_20171115/TTJetsP_MuMC_20171115/TT_TuneCUETP8M2T4_13TeV-powheg-pythia8/TTJetsP_MuMC_20171115/171115_113943/0000/TTJetsP_MuMC_20171115_Ntuple_89.root
